<?xml version="1.0" encoding="UTF-8"?>
<!-- Generated by org.testng.reporters.JUnitReportReporter -->
<testsuite skipped="0" hostname="DESKTOP-M9HHM5I" name="test.testNGDemo" tests="1" failures="0" timestamp="2021-02-20T14:18:34 CST" time="6.164" errors="0">
  <testcase name="googleSearch" time="6.164" classname="test.testNGDemo"/>
  <system-out/>
</testsuite> <!-- test.testNGDemo -->
