<?xml version="1.0" encoding="UTF-8"?>
<!-- Generated by org.testng.reporters.JUnitReportReporter -->
<testsuite skipped="0" hostname="DESKTOP-M9HHM5I" name="demo.DataProviderDemo" tests="3" failures="0" timestamp="2021-09-21T09:19:51 CDT" time="0.008" errors="0">
  <testcase name="sampleTest" time="0.001" classname="demo.DataProviderDemo"/>
  <system-out/>
  <testcase name="sampleTest" time="0.006" classname="demo.DataProviderDemo"/>
  <system-out/>
  <testcase name="sampleTest" time="0.001" classname="demo.DataProviderDemo"/>
  <system-out/>
</testsuite> <!-- demo.DataProviderDemo -->
