<?xml version="1.0" encoding="UTF-8"?>
<!-- Generated by org.testng.reporters.JUnitReportReporter -->
<testsuite skipped="0" hostname="DESKTOP-M9HHM5I" name="test.testNGDemo2" tests="1" failures="0" timestamp="2021-02-20T14:18:34 CST" time="7.149" errors="0">
  <testcase name="googleSearch3" time="7.149" classname="test.testNGDemo2"/>
  <system-out/>
</testsuite> <!-- test.testNGDemo2 -->
