<?xml version="1.0" encoding="UTF-8"?>
<!-- Generated by org.testng.reporters.JUnitReportReporter -->
<testsuite skipped="0" hostname="DESKTOP-M9HHM5I" name="demo.TestNGGroupsDemo" tests="4" failures="0" timestamp="2021-02-28T08:45:05 CST" time="0.012" errors="0">
  <testcase name="test4" time="0.001" classname="demo.TestNGGroupsDemo"/>
  <system-out/>
  <testcase name="test2" time="0.001" classname="demo.TestNGGroupsDemo"/>
  <system-out/>
  <testcase name="test3" time="0.002" classname="demo.TestNGGroupsDemo"/>
  <system-out/>
  <testcase name="test1" time="0.008" classname="demo.TestNGGroupsDemo"/>
  <system-out/>
</testsuite> <!-- demo.TestNGGroupsDemo -->
