<?xml version="1.0" encoding="UTF-8"?>
<!-- Generated by org.testng.reporters.JUnitReportReporter -->
<testsuite skipped="0" hostname="DESKTOP-M9HHM5I" name="demo.FluentWaitDemo" tests="1" failures="0" timestamp="2021-02-28T11:57:57 CST" time="10.642" errors="0">
  <testcase name="browserSearch" time="10.642" classname="demo.FluentWaitDemo"/>
  <system-out/>
</testsuite> <!-- demo.FluentWaitDemo -->
