<?xml version="1.0" encoding="UTF-8"?>
<!-- Generated by org.testng.reporters.JUnitReportReporter -->
<testsuite skipped="0" hostname="DESKTOP-M9HHM5I" name="demo.test1" tests="1" failures="0" timestamp="2021-02-28T09:50:34 CST" time="4.952" errors="0">
  <testcase name="testUntitledTestCase" time="4.952" classname="demo.test1"/>
  <system-out/>
</testsuite> <!-- demo.test1 -->
