<?xml version="1.0" encoding="UTF-8"?>
<!-- Generated by org.testng.reporters.JUnitReportReporter -->
<testsuite skipped="0" hostname="DESKTOP-M9HHM5I" name="test.extentReportDemoWithTestNG" tests="2" failures="0" timestamp="2021-02-20T12:16:34 CST" time="1.970" errors="0">
  <testcase name="test1" time="1.966" classname="test.extentReportDemoWithTestNG"/>
  <system-out/>
  <testcase name="test2" time="0.004" classname="test.extentReportDemoWithTestNG"/>
  <system-out/>
</testsuite> <!-- test.extentReportDemoWithTestNG -->
