<?xml version="1.0" encoding="UTF-8"?>
<!-- Generated by org.testng.reporters.JUnitReportReporter -->
<testsuite skipped="1" hostname="DESKTOP-M9HHM5I" name="demo.TestNGIgnoreDemo" tests="4" failures="0" timestamp="2021-09-21T08:23:43 CDT" time="0.024" errors="0">
  <testcase name="test2" time="0.008" classname="demo.TestNGIgnoreDemo"/>
  <system-out/>
  <testcase name="test4" time="0.000" classname="demo.TestNGIgnoreDemo"/>
  <system-out/>
  <testcase name="test3" time="0.016" classname="demo.TestNGIgnoreDemo"/>
  <system-out/>
  <testcase name="test1" classname="demo.TestNGIgnoreDemo">
    <skipped/>
  </testcase> <!-- test1 -->
  <system-out/>
</testsuite> <!-- demo.TestNGIgnoreDemo -->
