<?xml version="1.0" encoding="UTF-8"?>
<!-- Generated by org.testng.reporters.JUnitReportReporter -->
<testsuite skipped="0" hostname="DESKTOP-M9HHM5I" name="demo.FactoryAnnotationDemo$TestClass" tests="2" failures="0" timestamp="2021-09-21T09:22:51 CDT" time="0.009" errors="0">
  <testcase name="TestMethod" time="0.008" classname="demo.FactoryAnnotationDemo$TestClass"/>
  <system-out/>
  <testcase name="TestMethod" time="0.001" classname="demo.FactoryAnnotationDemo$TestClass"/>
  <system-out/>
</testsuite> <!-- demo.FactoryAnnotationDemo$TestClass -->
